{
"contracts\\ERC20.sol":{"l":{"40":5,"41":5,"42":4,"43":3,"44":3,"45":3,"46":3,"61":5,"62":5,"63":4,"64":3,"65":2,"66":1,"67":1,"68":1,"86":8,"87":8,"88":7,"89":6,"90":5,"91":4,"92":3,"93":1,"95":1,"96":1,"112":7,"113":7,"114":7,"115":2,"117":5,"118":4,"119":3,"120":3,"131":4,"132":4,"133":3,"134":2,"135":1,"136":1,"137":1,"151":6,"152":6,"153":5,"154":4,"155":2,"156":1,"157":1,"158":1,"159":1,"163":25,"167":9,"168":2,"169":2,"174":34,"175":6,"176":6,"181":13,"182":3,"183":3,"188":14,"189":5,"190":5,"195":5,"196":3,"197":3,"202":10,"203":2,"204":2,"209":4,"210":1,"211":1,"216":2,"217":1,"218":1},"path":"C:\\Users\\juanm\\OneDrive\\Documents\\ORT\\Blockchain 2\\erc-20-fungible-token-contract-jgallicchio1996\\contracts\\ERC20.sol","s":{"1":5,"2":5,"3":4,"4":5,"5":5,"6":4,"7":3,"8":2,"9":1,"10":8,"11":8,"12":7,"13":6,"14":5,"15":4,"16":3,"17":1,"18":7,"19":7,"20":7,"21":2,"22":5,"23":4,"24":3,"25":4,"26":4,"27":3,"28":2,"29":1,"30":6,"31":6,"32":5,"33":4,"34":2,"35":1,"36":1,"37":25,"38":9,"39":2,"40":2,"41":34,"42":6,"43":6,"44":13,"45":3,"46":3,"47":14,"48":5,"49":5,"50":5,"51":3,"52":3,"53":10,"54":2,"55":2,"56":4,"57":1,"58":1,"59":2,"60":1,"61":1},"b":{"1":[2,5],"2":[2,7],"3":[6,28],"4":[3,10],"5":[5,9],"6":[3,2],"7":[2,8],"8":[1,3],"9":[1,1]},"f":{"1":5,"2":5,"3":8,"4":7,"5":4,"6":6,"7":25,"8":9,"9":34,"10":13,"11":14,"12":5,"13":10,"14":4,"15":2},"fnMap":{"1":{"name":"constructor","line":39,"loc":{"start":{"line":39,"column":4},"end":{"line":47,"column":4}}},"2":{"name":"transfer","line":60,"loc":{"start":{"line":60,"column":4},"end":{"line":69,"column":4}}},"3":{"name":"transferFrom","line":85,"loc":{"start":{"line":85,"column":4},"end":{"line":97,"column":4}}},"4":{"name":"approve","line":111,"loc":{"start":{"line":111,"column":4},"end":{"line":121,"column":4}}},"5":{"name":"mint","line":130,"loc":{"start":{"line":130,"column":4},"end":{"line":138,"column":4}}},"6":{"name":"burn","line":150,"loc":{"start":{"line":150,"column":4},"end":{"line":160,"column":4}}},"7":{"name":"_concatMessage","line":162,"loc":{"start":{"line":162,"column":4},"end":{"line":164,"column":4}}},"8":{"name":"_isEmptyString","line":166,"loc":{"start":{"line":166,"column":4},"end":{"line":171,"column":4}}},"9":{"name":"_isZeroAddress","line":173,"loc":{"start":{"line":173,"column":4},"end":{"line":178,"column":4}}},"10":{"name":"_isZeroAmount","line":180,"loc":{"start":{"line":180,"column":4},"end":{"line":185,"column":4}}},"11":{"name":"_hasSufficientBalance","line":187,"loc":{"start":{"line":187,"column":4},"end":{"line":192,"column":4}}},"12":{"name":"_isAuthorized","line":194,"loc":{"start":{"line":194,"column":4},"end":{"line":199,"column":4}}},"13":{"name":"_isValidRecipient","line":201,"loc":{"start":{"line":201,"column":4},"end":{"line":206,"column":4}}},"14":{"name":"_isZeroValue","line":208,"loc":{"start":{"line":208,"column":4},"end":{"line":213,"column":4}}},"15":{"name":"_isMaxSupply","line":215,"loc":{"start":{"line":215,"column":4},"end":{"line":220,"column":4}}}},"statementMap":{"1":{"start":{"line":40,"column":8},"end":{"line":40,"column":49}},"2":{"start":{"line":41,"column":8},"end":{"line":41,"column":50}},"3":{"start":{"line":42,"column":8},"end":{"line":42,"column":54}},"4":{"start":{"line":61,"column":8},"end":{"line":61,"column":46}},"5":{"start":{"line":62,"column":8},"end":{"line":62,"column":46}},"6":{"start":{"line":63,"column":8},"end":{"line":63,"column":54}},"7":{"start":{"line":64,"column":8},"end":{"line":64,"column":51}},"8":{"start":{"line":65,"column":8},"end":{"line":65,"column":61}},"9":{"start":{"line":68,"column":8},"end":{"line":68,"column":46}},"10":{"start":{"line":86,"column":8},"end":{"line":86,"column":50}},"11":{"start":{"line":87,"column":8},"end":{"line":87,"column":50}},"12":{"start":{"line":88,"column":8},"end":{"line":88,"column":46}},"13":{"start":{"line":89,"column":8},"end":{"line":89,"column":49}},"14":{"start":{"line":90,"column":8},"end":{"line":90,"column":51}},"15":{"start":{"line":91,"column":8},"end":{"line":91,"column":56}},"16":{"start":{"line":92,"column":8},"end":{"line":92,"column":60}},"17":{"start":{"line":96,"column":8},"end":{"line":96,"column":41}},"18":{"start":{"line":112,"column":8},"end":{"line":112,"column":45}},"19":{"start":{"line":113,"column":8},"end":{"line":113,"column":66}},"20":{"start":{"line":114,"column":8},"end":{"line":114,"column":5885}},"21":{"start":{"line":115,"column":12},"end":{"line":115,"column":100}},"22":{"start":{"line":117,"column":8},"end":{"line":117,"column":56}},"23":{"start":{"line":118,"column":8},"end":{"line":118,"column":61}},"24":{"start":{"line":120,"column":8},"end":{"line":120,"column":51}},"25":{"start":{"line":131,"column":8},"end":{"line":131,"column":42}},"26":{"start":{"line":132,"column":8},"end":{"line":132,"column":32}},"27":{"start":{"line":133,"column":8},"end":{"line":133,"column":60}},"28":{"start":{"line":134,"column":8},"end":{"line":134,"column":32}},"29":{"start":{"line":137,"column":8},"end":{"line":137,"column":56}},"30":{"start":{"line":151,"column":8},"end":{"line":151,"column":42}},"31":{"start":{"line":152,"column":8},"end":{"line":152,"column":50}},"32":{"start":{"line":153,"column":8},"end":{"line":153,"column":51}},"33":{"start":{"line":154,"column":8},"end":{"line":154,"column":56}},"34":{"start":{"line":155,"column":8},"end":{"line":155,"column":60}},"35":{"start":{"line":158,"column":8},"end":{"line":158,"column":44}},"36":{"start":{"line":159,"column":8},"end":{"line":159,"column":38}},"37":{"start":{"line":163,"column":8},"end":{"line":163,"column":67}},"38":{"start":{"line":167,"column":8},"end":{"line":167,"column":8717}},"39":{"start":{"line":168,"column":12},"end":{"line":168,"column":106}},"40":{"start":{"line":169,"column":12},"end":{"line":169,"column":27}},"41":{"start":{"line":174,"column":8},"end":{"line":174,"column":9038}},"42":{"start":{"line":175,"column":12},"end":{"line":175,"column":106}},"43":{"start":{"line":176,"column":12},"end":{"line":176,"column":27}},"44":{"start":{"line":181,"column":8},"end":{"line":181,"column":9353}},"45":{"start":{"line":182,"column":12},"end":{"line":182,"column":106}},"46":{"start":{"line":183,"column":12},"end":{"line":183,"column":27}},"47":{"start":{"line":188,"column":8},"end":{"line":188,"column":9653}},"48":{"start":{"line":189,"column":12},"end":{"line":189,"column":95}},"49":{"start":{"line":190,"column":12},"end":{"line":190,"column":27}},"50":{"start":{"line":195,"column":8},"end":{"line":195,"column":9967}},"51":{"start":{"line":196,"column":12},"end":{"line":196,"column":96}},"52":{"start":{"line":197,"column":12},"end":{"line":197,"column":27}},"53":{"start":{"line":202,"column":8},"end":{"line":202,"column":10306}},"54":{"start":{"line":203,"column":12},"end":{"line":203,"column":111}},"55":{"start":{"line":204,"column":12},"end":{"line":204,"column":27}},"56":{"start":{"line":209,"column":8},"end":{"line":209,"column":10576}},"57":{"start":{"line":210,"column":12},"end":{"line":210,"column":95}},"58":{"start":{"line":211,"column":12},"end":{"line":211,"column":27}},"59":{"start":{"line":216,"column":8},"end":{"line":216,"column":10824}},"60":{"start":{"line":217,"column":12},"end":{"line":217,"column":110}},"61":{"start":{"line":218,"column":12},"end":{"line":218,"column":27}}},"branchMap":{"1":{"line":114,"type":"if","locations":[{"start":{"line":114,"column":8},"end":{"line":114,"column":8}},{"start":{"line":114,"column":8},"end":{"line":114,"column":8}}]},"2":{"line":167,"type":"if","locations":[{"start":{"line":167,"column":8},"end":{"line":167,"column":8}},{"start":{"line":167,"column":8},"end":{"line":167,"column":8}}]},"3":{"line":174,"type":"if","locations":[{"start":{"line":174,"column":8},"end":{"line":174,"column":8}},{"start":{"line":174,"column":8},"end":{"line":174,"column":8}}]},"4":{"line":181,"type":"if","locations":[{"start":{"line":181,"column":8},"end":{"line":181,"column":8}},{"start":{"line":181,"column":8},"end":{"line":181,"column":8}}]},"5":{"line":188,"type":"if","locations":[{"start":{"line":188,"column":8},"end":{"line":188,"column":8}},{"start":{"line":188,"column":8},"end":{"line":188,"column":8}}]},"6":{"line":195,"type":"if","locations":[{"start":{"line":195,"column":8},"end":{"line":195,"column":8}},{"start":{"line":195,"column":8},"end":{"line":195,"column":8}}]},"7":{"line":202,"type":"if","locations":[{"start":{"line":202,"column":8},"end":{"line":202,"column":8}},{"start":{"line":202,"column":8},"end":{"line":202,"column":8}}]},"8":{"line":209,"type":"if","locations":[{"start":{"line":209,"column":8},"end":{"line":209,"column":8}},{"start":{"line":209,"column":8},"end":{"line":209,"column":8}}]},"9":{"line":216,"type":"if","locations":[{"start":{"line":216,"column":8},"end":{"line":216,"column":8}},{"start":{"line":216,"column":8},"end":{"line":216,"column":8}}]}}}}
