TN:
SF:C:\Users\juanm\OneDrive\Documents\ORT\Blockchain 2\erc-20-fungible-token-contract-jgallicchio1996\contracts\ERC20.sol
FN:39,constructor
FN:60,transfer
FN:85,transferFrom
FN:111,approve
FN:130,mint
FN:150,burn
FN:162,_concatMessage
FN:166,_isEmptyString
FN:173,_isZeroAddress
FN:180,_isZeroAmount
FN:187,_hasSufficientBalance
FN:194,_isAuthorized
FN:201,_isValidRecipient
FN:208,_isZeroValue
FN:215,_isMaxSupply
FNF:15
FNH:15
FNDA:5,constructor
FNDA:5,transfer
FNDA:8,transferFrom
FNDA:7,approve
FNDA:4,mint
FNDA:6,burn
FNDA:25,_concatMessage
FNDA:9,_isEmptyString
FNDA:34,_isZeroAddress
FNDA:13,_isZeroAmount
FNDA:14,_hasSufficientBalance
FNDA:5,_isAuthorized
FNDA:10,_isValidRecipient
FNDA:4,_isZeroValue
FNDA:2,_isMaxSupply
DA:40,5
DA:41,5
DA:42,4
DA:43,3
DA:44,3
DA:45,3
DA:46,3
DA:61,5
DA:62,5
DA:63,4
DA:64,3
DA:65,2
DA:66,1
DA:67,1
DA:68,1
DA:86,8
DA:87,8
DA:88,7
DA:89,6
DA:90,5
DA:91,4
DA:92,3
DA:93,1
DA:95,1
DA:96,1
DA:112,7
DA:113,7
DA:114,7
DA:115,2
DA:117,5
DA:118,4
DA:119,3
DA:120,3
DA:131,4
DA:132,4
DA:133,3
DA:134,2
DA:135,1
DA:136,1
DA:137,1
DA:151,6
DA:152,6
DA:153,5
DA:154,4
DA:155,2
DA:156,1
DA:157,1
DA:158,1
DA:159,1
DA:163,25
DA:167,9
DA:168,2
DA:169,2
DA:174,34
DA:175,6
DA:176,6
DA:181,13
DA:182,3
DA:183,3
DA:188,14
DA:189,5
DA:190,5
DA:195,5
DA:196,3
DA:197,3
DA:202,10
DA:203,2
DA:204,2
DA:209,4
DA:210,1
DA:211,1
DA:216,2
DA:217,1
DA:218,1
LF:74
LH:74
BRDA:114,1,0,2
BRDA:114,1,1,5
BRDA:167,2,0,2
BRDA:167,2,1,7
BRDA:174,3,0,6
BRDA:174,3,1,28
BRDA:181,4,0,3
BRDA:181,4,1,10
BRDA:188,5,0,5
BRDA:188,5,1,9
BRDA:195,6,0,3
BRDA:195,6,1,2
BRDA:202,7,0,2
BRDA:202,7,1,8
BRDA:209,8,0,1
BRDA:209,8,1,3
BRDA:216,9,0,1
BRDA:216,9,1,1
BRF:18
BRH:18
end_of_record
